{"name":"loopTestUniverseOfBirds","status":"failed","statusDetails":{"known":false,"muted":false,"flaky":false,"message":"UnexpectedTagNameException: Element should have been \"select\" but was \"div\"\nScreenshot: file:/Users/A521392/IdeaProjects/Loop-test/build/reports/tests/1630949796861.0.png\nPage source: file:/Users/A521392/IdeaProjects/Loop-test/build/reports/tests/1630949796861.0.html\nTimeout: 4 s.\nCaused by: support.ui.UnexpectedTagNameException: Element should have been \"select\" but was \"div\"","trace":"UnexpectedTagNameException: Element should have been \"select\" but was \"div\"\nScreenshot: file:/Users/A521392/IdeaProjects/Loop-test/build/reports/tests/1630949796861.0.png\nPage source: file:/Users/A521392/IdeaProjects/Loop-test/build/reports/tests/1630949796861.0.html\nTimeout: 4 s.\nCaused by: support.ui.UnexpectedTagNameException: Element should have been \"select\" but was \"div\"\n\tat com.codeborne.selenide.ex.UIAssertionError.wrapToUIAssertionError(UIAssertionError.java:95)\n\tat com.codeborne.selenide.ex.UIAssertionError.wrapThrowable(UIAssertionError.java:78)\n\tat com.codeborne.selenide.ex.UIAssertionError.wrap(UIAssertionError.java:72)\n\tat com.codeborne.selenide.impl.SelenideElementProxy.invoke(SelenideElementProxy.java:95)\n\tat com.sun.proxy.$Proxy7.selectOptionContainingText(Unknown Source)\n\tat com.example.looptest.MainPageTest.loopTestUniverseOfBirds(MainPageTest.kt:56)\n\tat java.base/jdk.internal.reflect.NativeMethodAccessorImpl.invoke0(Native Method)\n\tat java.base/jdk.internal.reflect.NativeMethodAccessorImpl.invoke(NativeMethodAccessorImpl.java:62)\n\tat java.base/jdk.internal.reflect.DelegatingMethodAccessorImpl.invoke(DelegatingMethodAccessorImpl.java:43)\n\tat java.base/java.lang.reflect.Method.invoke(Method.java:566)\n\tat org.testng.internal.MethodInvocationHelper.invokeMethod(MethodInvocationHelper.java:133)\n\tat org.testng.internal.TestInvoker.invokeMethod(TestInvoker.java:598)\n\tat org.testng.internal.TestInvoker.invokeTestMethod(TestInvoker.java:173)\n\tat org.testng.internal.MethodRunner.runInSequence(MethodRunner.java:46)\n\tat org.testng.internal.TestInvoker$MethodInvocationAgent.invoke(TestInvoker.java:824)\n\tat org.testng.internal.TestInvoker.invokeTestMethods(TestInvoker.java:146)\n\tat org.testng.internal.TestMethodWorker.invokeTestMethods(TestMethodWorker.java:146)\n\tat org.testng.internal.TestMethodWorker.run(TestMethodWorker.java:128)\n\tat java.base/java.util.ArrayList.forEach(ArrayList.java:1541)\n\tat org.testng.TestRunner.privateRun(TestRunner.java:794)\n\tat org.testng.TestRunner.run(TestRunner.java:596)\n\tat org.testng.SuiteRunner.runTest(SuiteRunner.java:377)\n\tat org.testng.SuiteRunner.runSequentially(SuiteRunner.java:371)\n\tat org.testng.SuiteRunner.privateRun(SuiteRunner.java:332)\n\tat org.testng.SuiteRunner.run(SuiteRunner.java:276)\n\tat org.testng.SuiteRunnerWorker.runSuite(SuiteRunnerWorker.java:53)\n\tat org.testng.SuiteRunnerWorker.run(SuiteRunnerWorker.java:96)\n\tat org.testng.TestNG.runSuitesSequentially(TestNG.java:1212)\n\tat org.testng.TestNG.runSuitesLocally(TestNG.java:1134)\n\tat org.testng.TestNG.runSuites(TestNG.java:1063)\n\tat org.testng.TestNG.run(TestNG.java:1031)\n\tat com.intellij.rt.testng.IDEARemoteTestNG.run(IDEARemoteTestNG.java:66)\n\tat com.intellij.rt.testng.RemoteTestNGStarter.main(RemoteTestNGStarter.java:109)\nCaused by: org.openqa.selenium.support.ui.UnexpectedTagNameException: Element should have been \"select\" but was \"div\"\nBuild info: version: '3.141.59', revision: 'e82be7d358', time: '2018-11-14T08:17:03'\nSystem info: host: 'A521392A-DEN-OEM.local', ip: '2601:282:1480:b210:0:0:0:613a%en0', os.name: 'Mac OS X', os.arch: 'x86_64', os.version: '10.16', java.version: '11.0.11'\nDriver info: driver.version: unknown\n\tat org.openqa.selenium.support.ui.Select.<init>(Select.java:48)\n\tat com.codeborne.selenide.commands.SelectOptionContainingText.execute(SelectOptionContainingText.java:25)\n\tat com.codeborne.selenide.commands.SelectOptionContainingText.execute(SelectOptionContainingText.java:18)\n\tat com.codeborne.selenide.commands.Commands.execute(Commands.java:155)\n\tat com.codeborne.selenide.impl.SelenideElementProxy.dispatchAndRetry(SelenideElementProxy.java:133)\n\tat com.codeborne.selenide.impl.SelenideElementProxy.invoke(SelenideElementProxy.java:85)\n\t... 29 more\n"},"stage":"finished","steps":[{"name":"$(\"div[class='h4 grid-view-item__title']\") should have(text 'Speedy')","status":"passed","stage":"finished","steps":[],"attachments":[],"parameters":[],"start":1630949791356,"stop":1630949791439},{"name":"$(\"By.xpath: /html/body/div[2]/div/header/div/nav/ul/li[2]/a\") click()","status":"passed","stage":"finished","steps":[],"attachments":[],"parameters":[],"start":1630949791448,"stop":1630949791750},{"name":"$(\"div[class='list-view-item__title']\") select option containing text(Apple)","status":"failed","statusDetails":{"known":false,"muted":false,"flaky":false,"message":"UnexpectedTagNameException: Element should have been \"select\" but was \"div\"\nScreenshot: file:/Users/A521392/IdeaProjects/Loop-test/build/reports/tests/1630949796861.0.png\nPage source: file:/Users/A521392/IdeaProjects/Loop-test/build/reports/tests/1630949796861.0.html\nTimeout: 4 s.\nCaused by: support.ui.UnexpectedTagNameException: Element should have been \"select\" but was \"div\"","trace":"UnexpectedTagNameException: Element should have been \"select\" but was \"div\"\nScreenshot: file:/Users/A521392/IdeaProjects/Loop-test/build/reports/tests/1630949796861.0.png\nPage source: file:/Users/A521392/IdeaProjects/Loop-test/build/reports/tests/1630949796861.0.html\nTimeout: 4 s.\nCaused by: support.ui.UnexpectedTagNameException: Element should have been \"select\" but was \"div\"\n\tat com.codeborne.selenide.ex.UIAssertionError.wrapToUIAssertionError(UIAssertionError.java:95)\n\tat com.codeborne.selenide.ex.UIAssertionError.wrapThrowable(UIAssertionError.java:78)\n\tat com.codeborne.selenide.ex.UIAssertionError.wrap(UIAssertionError.java:72)\n\tat com.codeborne.selenide.impl.SelenideElementProxy.invoke(SelenideElementProxy.java:95)\n\tat com.sun.proxy.$Proxy7.selectOptionContainingText(Unknown Source)\n\tat com.example.looptest.MainPageTest.loopTestUniverseOfBirds(MainPageTest.kt:56)\n\tat java.base/jdk.internal.reflect.NativeMethodAccessorImpl.invoke0(Native Method)\n\tat java.base/jdk.internal.reflect.NativeMethodAccessorImpl.invoke(NativeMethodAccessorImpl.java:62)\n\tat java.base/jdk.internal.reflect.DelegatingMethodAccessorImpl.invoke(DelegatingMethodAccessorImpl.java:43)\n\tat java.base/java.lang.reflect.Method.invoke(Method.java:566)\n\tat org.testng.internal.MethodInvocationHelper.invokeMethod(MethodInvocationHelper.java:133)\n\tat org.testng.internal.TestInvoker.invokeMethod(TestInvoker.java:598)\n\tat org.testng.internal.TestInvoker.invokeTestMethod(TestInvoker.java:173)\n\tat org.testng.internal.MethodRunner.runInSequence(MethodRunner.java:46)\n\tat org.testng.internal.TestInvoker$MethodInvocationAgent.invoke(TestInvoker.java:824)\n\tat org.testng.internal.TestInvoker.invokeTestMethods(TestInvoker.java:146)\n\tat org.testng.internal.TestMethodWorker.invokeTestMethods(TestMethodWorker.java:146)\n\tat org.testng.internal.TestMethodWorker.run(TestMethodWorker.java:128)\n\tat java.base/java.util.ArrayList.forEach(ArrayList.java:1541)\n\tat org.testng.TestRunner.privateRun(TestRunner.java:794)\n\tat org.testng.TestRunner.run(TestRunner.java:596)\n\tat org.testng.SuiteRunner.runTest(SuiteRunner.java:377)\n\tat org.testng.SuiteRunner.runSequentially(SuiteRunner.java:371)\n\tat org.testng.SuiteRunner.privateRun(SuiteRunner.java:332)\n\tat org.testng.SuiteRunner.run(SuiteRunner.java:276)\n\tat org.testng.SuiteRunnerWorker.runSuite(SuiteRunnerWorker.java:53)\n\tat org.testng.SuiteRunnerWorker.run(SuiteRunnerWorker.java:96)\n\tat org.testng.TestNG.runSuitesSequentially(TestNG.java:1212)\n\tat org.testng.TestNG.runSuitesLocally(TestNG.java:1134)\n\tat org.testng.TestNG.runSuites(TestNG.java:1063)\n\tat org.testng.TestNG.run(TestNG.java:1031)\n\tat com.intellij.rt.testng.IDEARemoteTestNG.run(IDEARemoteTestNG.java:66)\n\tat com.intellij.rt.testng.RemoteTestNGStarter.main(RemoteTestNGStarter.java:109)\nCaused by: org.openqa.selenium.support.ui.UnexpectedTagNameException: Element should have been \"select\" but was \"div\"\nBuild info: version: '3.141.59', revision: 'e82be7d358', time: '2018-11-14T08:17:03'\nSystem info: host: 'A521392A-DEN-OEM.local', ip: '2601:282:1480:b210:0:0:0:613a%en0', os.name: 'Mac OS X', os.arch: 'x86_64', os.version: '10.16', java.version: '11.0.11'\nDriver info: driver.version: unknown\n\tat org.openqa.selenium.support.ui.Select.<init>(Select.java:48)\n\tat com.codeborne.selenide.commands.SelectOptionContainingText.execute(SelectOptionContainingText.java:25)\n\tat com.codeborne.selenide.commands.SelectOptionContainingText.execute(SelectOptionContainingText.java:18)\n\tat com.codeborne.selenide.commands.Commands.execute(Commands.java:155)\n\tat com.codeborne.selenide.impl.SelenideElementProxy.dispatchAndRetry(SelenideElementProxy.java:133)\n\tat com.codeborne.selenide.impl.SelenideElementProxy.invoke(SelenideElementProxy.java:85)\n\t... 29 more\n"},"stage":"finished","steps":[],"attachments":[{"name":"Screenshot","source":"08cc0d2b-cb20-44c5-a7a1-45fac6b58d1d-attachment.png","type":"image/png"},{"name":"Page source","source":"36eeb65f-1fcc-4019-add2-f20b93b573a5-attachment.html","type":"text/html"}],"parameters":[],"start":1630949792751,"stop":1630949797395}],"attachments":[],"parameters":[],"start":1630949791350,"stop":1630949797399,"uuid":"6ed73e9d-cfb4-437a-8989-d929a79e3427","historyId":"cff6f8513271615ecb9e7b5e17bca356","fullName":"com.example.looptest.MainPageTest.loopTestUniverseOfBirds","labels":[{"name":"package","value":"com.example.looptest.MainPageTest"},{"name":"testClass","value":"com.example.looptest.MainPageTest"},{"name":"testMethod","value":"loopTestUniverseOfBirds"},{"name":"parentSuite","value":"Default Suite"},{"name":"suite","value":"Loop-test"},{"name":"subSuite","value":"com.example.looptest.MainPageTest"},{"name":"host","value":"A521392A-DEN-OEM.local"},{"name":"thread","value":"54000@A521392A-DEN-OEM.local.main(1)"},{"name":"framework","value":"testng"},{"name":"language","value":"java"}],"links":[]}